<?xml version="1.0" encoding="UTF-8"?>
<!-- Generated by org.testng.reporters.JUnitReportReporter -->
<testsuite hostname="LAPTOP-VIVLOTVQ" name="com.jetbluetest.testcases.HomePageTest" tests="2" failures="0" timestamp="26 Jan 2021 19:28:37 GMT" time="36.559" errors="0">
  <testcase name="verifyProductAddedSuccessfully" time="15.261" classname="com.jetbluetest.testcases.HomePageTest"/>
  <testcase name="verifyItemAddToCart" time="21.298" classname="com.jetbluetest.testcases.HomePageTest"/>
</testsuite> <!-- com.jetbluetest.testcases.HomePageTest -->
