<?xml version="1.0" encoding="UTF-8"?>
<!-- Generated by org.testng.reporters.JUnitReportReporter -->
<testsuite hostname="LAPTOP-VIVLOTVQ" name="com.optimusmyshopify.test.LoginTest" tests="1" failures="0" timestamp="24 Dec 2020 18:26:17 GMT" time="0.137" errors="0">
  <testcase name="verifyLogin" time="0.137" classname="com.optimusmyshopify.test.LoginTest"/>
</testsuite> <!-- com.optimusmyshopify.test.LoginTest -->
