<?xml version="1.0" encoding="UTF-8"?>
<!-- Generated by org.testng.reporters.JUnitReportReporter -->
<testsuite hostname="LAPTOP-VIVLOTVQ" name="com.jetbluetest.testcases.LoginTest" tests="1" failures="0" timestamp="26 Jan 2021 16:55:57 GMT" time="7.440" errors="0">
  <testcase name="verifyLogin" time="7.440" classname="com.jetbluetest.testcases.LoginTest"/>
</testsuite> <!-- com.jetbluetest.testcases.LoginTest -->
